<?xml version="1.0" encoding="UTF-8"?>
<!-- Generated by org.testng.reporters.JUnitReportReporter -->
<testsuite hostname="DESKTOP-0CCPETD" failures="0" tests="5" name="practice.BookTicket" time="0.022" errors="0" timestamp="2022-07-05T11:25:45 IST" skipped="0">
  <testcase classname="practice.BookTicket" name="BookTicketTest" time="0.005"/>
  <system-out/>
  <testcase classname="practice.BookTicket" name="BookTicketTest" time="0.002"/>
  <system-out/>
  <testcase classname="practice.BookTicket" name="BookTicketTest" time="0.002"/>
  <system-out/>
  <testcase classname="practice.BookTicket" name="BookTicketTest" time="0.010"/>
  <system-out/>
  <testcase classname="practice.BookTicket" name="BookTicketTest" time="0.003"/>
  <system-out/>
</testsuite> <!-- practice.BookTicket -->
