<?xml version="1.0" encoding="UTF-8"?>
<!-- Generated by org.testng.reporters.JUnitReportReporter -->
<testsuite hostname="DESKTOP-0CCPETD" failures="0" tests="2" name="com.crm.reqing.OrganizationsTest.CreateOrganizationTest1" time="90.254" errors="0" timestamp="2022-07-19T11:01:55 IST" skipped="0">
  <testcase classname="com.crm.reqing.OrganizationsTest.CreateOrganizationTest1" name="CreateOrganizationWithMemberOfTest" time="44.423"/>
  <system-out/>
  <testcase classname="com.crm.reqing.OrganizationsTest.CreateOrganizationTest1" name="CreateOrganizationWithMandatory" time="45.831"/>
  <system-out/>
</testsuite> <!-- com.crm.reqing.OrganizationsTest.CreateOrganizationTest1 -->
