<?xml version="1.0" encoding="UTF-8"?>
<!-- Generated by org.testng.reporters.JUnitReportReporter -->
<testsuite hostname="DESKTOP-0CCPETD" failures="0" tests="2" name="com.crm.reqing.SampleTest.SampleScreenShotTest" time="10.819" errors="0" timestamp="2022-07-08T13:05:34 IST" skipped="0">
  <testcase classname="com.crm.reqing.SampleTest.SampleScreenShotTest" name="ScreenShotTest" time="4.627"/>
  <system-out/>
  <testcase classname="com.crm.reqing.SampleTest.SampleScreenShotTest" name="ScreenShotByEventFiringTest" time="6.192"/>
  <system-out/>
</testsuite> <!-- com.crm.reqing.SampleTest.SampleScreenShotTest -->
