<?xml version="1.0" encoding="UTF-8"?>
<!-- Generated by org.testng.reporters.JUnitReportReporter -->
<testsuite hostname="DESKTOP-0CCPETD" failures="0" tests="2" name="com.crm.reqing.SampleTest.Sample_CampaignTest" time="54.821" errors="0" timestamp="2022-07-19T11:12:04 IST" skipped="0">
  <testcase classname="com.crm.reqing.SampleTest.Sample_CampaignTest" name="createCampaignWithMandatoryFieldTest" time="25.679"/>
  <system-out/>
  <testcase classname="com.crm.reqing.SampleTest.Sample_CampaignTest" name="CreateCampaignWithProductTest" time="29.142"/>
  <system-out/>
</testsuite> <!-- com.crm.reqing.SampleTest.Sample_CampaignTest -->
