<?xml version="1.0" encoding="UTF-8"?>
<!-- Generated by org.testng.reporters.JUnitReportReporter -->
<testsuite hostname="DESKTOP-0CCPETD" failures="0" tests="2" name="com.crm.reqing.SampleTest.Sample_ProductTest" time="51.346" errors="0" timestamp="2022-07-19T11:12:04 IST" skipped="0">
  <testcase classname="com.crm.reqing.SampleTest.Sample_ProductTest" name="CreateProductWithMandatoryTest" time="23.664"/>
  <system-out/>
  <testcase classname="com.crm.reqing.SampleTest.Sample_ProductTest" name="CreateProductWithVendorsTest" time="27.682"/>
  <system-out/>
</testsuite> <!-- com.crm.reqing.SampleTest.Sample_ProductTest -->
