<?xml version="1.0" encoding="UTF-8"?>
<!-- Generated by org.testng.reporters.JUnitReportReporter -->
<testsuite hostname="DESKTOP-0CCPETD" failures="0" tests="2" name="com.crm.reqing.SampleTest.Sample_ContactTest" time="59.356" errors="0" timestamp="2022-07-19T11:12:04 IST" skipped="0">
  <testcase classname="com.crm.reqing.SampleTest.Sample_ContactTest" name="CreateContactWithOrganizationTest" time="33.934"/>
  <system-out/>
  <testcase classname="com.crm.reqing.SampleTest.Sample_ContactTest" name="CreateContactWithMandatory" time="25.422"/>
  <system-out/>
</testsuite> <!-- com.crm.reqing.SampleTest.Sample_ContactTest -->
