<?xml version="1.0" encoding="UTF-8"?>
<!-- Generated by org.testng.reporters.JUnitReportReporter -->
<testsuite hostname="DESKTOP-0CCPETD" failures="0" tests="1" name="com.crm.reqing.contactTest.CreateContactTest1" time="25.349" errors="0" timestamp="2022-07-19T11:07:18 IST" skipped="0">
  <testcase classname="com.crm.reqing.contactTest.CreateContactTest1" name="CreateContactWithMandatory" time="25.349"/>
  <system-out/>
</testsuite> <!-- com.crm.reqing.contactTest.CreateContactTest1 -->
