<?xml version="1.0" encoding="UTF-8"?>
<!-- Generated by org.testng.reporters.JUnitReportReporter -->
<testsuite hostname="DESKTOP-0CCPETD" failures="0" tests="2" name="com.crm.reqing.ProductTest.CreateProductTest1" time="54.048" errors="0" timestamp="2022-07-19T11:01:55 IST" skipped="0">
  <testcase classname="com.crm.reqing.ProductTest.CreateProductTest1" name="CreateProductWithMandatoryTest" time="25.834"/>
  <system-out/>
  <testcase classname="com.crm.reqing.ProductTest.CreateProductTest1" name="CreateProductWithVendorsLookupTest" time="28.214"/>
  <system-out/>
</testsuite> <!-- com.crm.reqing.ProductTest.CreateProductTest1 -->
