<?xml version="1.0" encoding="UTF-8"?>
<!-- Generated by org.testng.reporters.JUnitReportReporter -->
<testsuite hostname="DESKTOP-0CCPETD" failures="0" tests="5" name="practice.BookTicketTest1" time="0.039" errors="0" timestamp="2022-07-05T17:35:10 IST" skipped="0">
  <testcase classname="practice.BookTicketTest1" name="BookTicketTestTest" time="0.007"/>
  <system-out/>
  <testcase classname="practice.BookTicketTest1" name="BookTicketTestTest" time="0.003"/>
  <system-out/>
  <testcase classname="practice.BookTicketTest1" name="BookTicketTestTest" time="0.014"/>
  <system-out/>
  <testcase classname="practice.BookTicketTest1" name="BookTicketTestTest" time="0.007"/>
  <system-out/>
  <testcase classname="practice.BookTicketTest1" name="BookTicketTestTest" time="0.008"/>
  <system-out/>
</testsuite> <!-- practice.BookTicketTest1 -->
