<?xml version="1.0" encoding="UTF-8"?>
<!-- Generated by org.testng.reporters.JUnitReportReporter -->
<testsuite hostname="DESKTOP-0CCPETD" failures="0" tests="2" name="com.crm.reqing.CamapinsTest.CreateCampaignTest1" time="55.580" errors="0" timestamp="2022-07-19T11:01:55 IST" skipped="0">
  <testcase classname="com.crm.reqing.CamapinsTest.CreateCampaignTest1" name="createCampaignWithMandatoryFieldTest" time="27.657"/>
  <system-out/>
  <testcase classname="com.crm.reqing.CamapinsTest.CreateCampaignTest1" name="CreateCampaignWithProductTest" time="27.923"/>
  <system-out/>
</testsuite> <!-- com.crm.reqing.CamapinsTest.CreateCampaignTest1 -->
